Determining if the pthread_create exist failed with the following output:
Change Dir: /home/fernando/Kinect/CMakeFiles/CMakeTmp

Run Build Command:"/usr/bin/make" "cmTC_ab3b2/fast"
make[1]: Entering directory '/home/fernando/Kinect/CMakeFiles/CMakeTmp'
/usr/bin/make -f CMakeFiles/cmTC_ab3b2.dir/build.make CMakeFiles/cmTC_ab3b2.dir/build
make[2]: Entering directory '/home/fernando/Kinect/CMakeFiles/CMakeTmp'
Building C object CMakeFiles/cmTC_ab3b2.dir/CheckSymbolExists.c.o
/usr/bin/cc     -o CMakeFiles/cmTC_ab3b2.dir/CheckSymbolExists.c.o   -c /home/fernando/Kinect/CMakeFiles/CMakeTmp/CheckSymbolExists.c
Linking C executable cmTC_ab3b2
/usr/bin/cmake -E cmake_link_script CMakeFiles/cmTC_ab3b2.dir/link.txt --verbose=1
/usr/bin/cc       CMakeFiles/cmTC_ab3b2.dir/CheckSymbolExists.c.o  -o cmTC_ab3b2 -rdynamic 
CMakeFiles/cmTC_ab3b2.dir/CheckSymbolExists.c.o: In function `main':
CheckSymbolExists.c:(.text+0x16): undefined reference to `pthread_create'
collect2: error: ld returned 1 exit status
CMakeFiles/cmTC_ab3b2.dir/build.make:97: recipe for target 'cmTC_ab3b2' failed
make[2]: *** [cmTC_ab3b2] Error 1
make[2]: Leaving directory '/home/fernando/Kinect/CMakeFiles/CMakeTmp'
Makefile:126: recipe for target 'cmTC_ab3b2/fast' failed
make[1]: *** [cmTC_ab3b2/fast] Error 2
make[1]: Leaving directory '/home/fernando/Kinect/CMakeFiles/CMakeTmp'

File /home/fernando/Kinect/CMakeFiles/CMakeTmp/CheckSymbolExists.c:
/* */
#include <pthread.h>

int main(int argc, char** argv)
{
  (void)argv;
#ifndef pthread_create
  return ((int*)(&pthread_create))[argc];
#else
  (void)argc;
  return 0;
#endif
}

Determining if the function pthread_create exists in the pthreads failed with the following output:
Change Dir: /home/fernando/Kinect/CMakeFiles/CMakeTmp

Run Build Command:"/usr/bin/make" "cmTC_07720/fast"
make[1]: Entering directory '/home/fernando/Kinect/CMakeFiles/CMakeTmp'
/usr/bin/make -f CMakeFiles/cmTC_07720.dir/build.make CMakeFiles/cmTC_07720.dir/build
make[2]: Entering directory '/home/fernando/Kinect/CMakeFiles/CMakeTmp'
Building C object CMakeFiles/cmTC_07720.dir/CheckFunctionExists.c.o
/usr/bin/cc    -DCHECK_FUNCTION_EXISTS=pthread_create   -o CMakeFiles/cmTC_07720.dir/CheckFunctionExists.c.o   -c /usr/share/cmake-3.5/Modules/CheckFunctionExists.c
Linking C executable cmTC_07720
/usr/bin/cmake -E cmake_link_script CMakeFiles/cmTC_07720.dir/link.txt --verbose=1
/usr/bin/cc   -DCHECK_FUNCTION_EXISTS=pthread_create    CMakeFiles/cmTC_07720.dir/CheckFunctionExists.c.o  -o cmTC_07720 -rdynamic -lpthreads 
/usr/bin/ld: cannot find -lpthreads
collect2: error: ld returned 1 exit status
CMakeFiles/cmTC_07720.dir/build.make:97: recipe for target 'cmTC_07720' failed
make[2]: *** [cmTC_07720] Error 1
make[2]: Leaving directory '/home/fernando/Kinect/CMakeFiles/CMakeTmp'
Makefile:126: recipe for target 'cmTC_07720/fast' failed
make[1]: *** [cmTC_07720/fast] Error 2
make[1]: Leaving directory '/home/fernando/Kinect/CMakeFiles/CMakeTmp'


